<?xml version="1.0" encoding="UTF-8"?>
<!-- Generated by org.testng.reporters.JUnitXMLReporter -->
<testsuite ignored="2" hostname="TYSS-Chaithra" failures="1" tests="3" name="Test" time="21.913" errors="0" timestamp="2025-03-21T12:47:45 IST">
  <testcase classname="productTests.AddLowestPrizeProductTest" name="tc_002_addLowestPriceProductToCartTest" time="2.972"/>
  <testcase classname="productTests.AddProductToCartTest" name="sampleTest" time="0.002">
    <failure type="java.lang.AssertionError" message="null">
      <![CDATA[java.lang.AssertionError: null
at productTests.AddProductToCartTest.sampleTest(AddProductToCartTest.java:55)
at java.base/java.util.ArrayList.forEach(ArrayList.java:1541)
... Removed 29 stack frames]]>
    </failure>
  </testcase> <!-- sampleTest -->
  <testcase classname="productTests.AddProductToCartTest" name="tc_001_AddProductToCartTest" time="0.525"/>
  <testcase classname="genericUtilities.BaseClass" name="@BeforeSuite bsConfig" time="0.0">
    <ignored/>
  </testcase> <!-- @BeforeSuite bsConfig -->
  <testcase classname="genericUtilities.BaseClass" name="@AfterSuite asConfig" time="0.0">
    <ignored/>
  </testcase> <!-- @AfterSuite asConfig -->
</testsuite> <!-- Test -->
